<?xml version="1.0" encoding="UTF-8"?>
<testng-results ignored="0" total="1" passed="1" failed="0" skipped="0">
  <reporter-output>
  </reporter-output>
  <suite started-at="2021-10-24T15:33:22 IST" name="Default suite" finished-at="2021-10-24T15:33:57 IST" duration-ms="34647">
    <groups>
    </groups>
    <test started-at="2021-10-24T15:33:22 IST" name="Default test" finished-at="2021-10-24T15:33:57 IST" duration-ms="34647">
      <class name="com.uibot.tests.CreateIncident">
        <test-method is-config="true" signature="beforeSuite()[pri:0, instance:com.uibot.tests.CreateIncident@7c37508a]" started-at="2021-10-24T15:33:22 IST" name="beforeSuite" finished-at="2021-10-24T15:33:22 IST" duration-ms="10" status="PASS">
          <reporter-output>
          </reporter-output>
        </test-method> <!-- beforeSuite -->
        <test-method is-config="true" signature="beforeTest()[pri:0, instance:com.uibot.tests.CreateIncident@7c37508a]" started-at="2021-10-24T15:33:22 IST" name="beforeTest" finished-at="2021-10-24T15:33:22 IST" duration-ms="1" status="PASS">
          <reporter-output>
          </reporter-output>
        </test-method> <!-- beforeTest -->
        <test-method is-config="true" signature="beforeClass()[pri:0, instance:com.uibot.tests.CreateIncident@7c37508a]" started-at="2021-10-24T15:33:22 IST" name="beforeClass" finished-at="2021-10-24T15:33:22 IST" duration-ms="0" status="PASS">
          <reporter-output>
          </reporter-output>
        </test-method> <!-- beforeClass -->
        <test-method is-config="true" signature="setData()[pri:0, instance:com.uibot.tests.CreateIncident@7c37508a]" started-at="2021-10-24T15:33:22 IST" name="setData" finished-at="2021-10-24T15:33:22 IST" duration-ms="1" status="PASS">
          <reporter-output>
          </reporter-output>
        </test-method> <!-- setData -->
        <test-method is-config="true" signature="beforeMethod()[pri:0, instance:com.uibot.tests.CreateIncident@7c37508a]" started-at="2021-10-24T15:33:22 IST" name="beforeMethod" finished-at="2021-10-24T15:33:44 IST" duration-ms="21264" status="PASS">
          <reporter-output>
          </reporter-output>
        </test-method> <!-- beforeMethod -->
        <test-method signature="createNewIncident()[pri:0, instance:com.uibot.tests.CreateIncident@7c37508a]" started-at="2021-10-24T15:33:44 IST" name="createNewIncident" finished-at="2021-10-24T15:33:57 IST" duration-ms="12932" status="PASS">
          <reporter-output>
          </reporter-output>
        </test-method> <!-- createNewIncident -->
        <test-method is-config="true" signature="afterMethod()[pri:0, instance:com.uibot.tests.CreateIncident@7c37508a]" started-at="2021-10-24T15:33:57 IST" name="afterMethod" finished-at="2021-10-24T15:33:57 IST" duration-ms="384" status="PASS">
          <reporter-output>
          </reporter-output>
        </test-method> <!-- afterMethod -->
        <test-method is-config="true" signature="afterClass()[pri:0, instance:com.uibot.tests.CreateIncident@7c37508a]" started-at="2021-10-24T15:33:57 IST" name="afterClass" finished-at="2021-10-24T15:33:57 IST" duration-ms="1" status="PASS">
          <reporter-output>
          </reporter-output>
        </test-method> <!-- afterClass -->
        <test-method is-config="true" signature="afterTest()[pri:0, instance:com.uibot.tests.CreateIncident@7c37508a]" started-at="2021-10-24T15:33:57 IST" name="afterTest" finished-at="2021-10-24T15:33:57 IST" duration-ms="0" status="PASS">
          <reporter-output>
          </reporter-output>
        </test-method> <!-- afterTest -->
        <test-method is-config="true" signature="afterSuite()[pri:0, instance:com.uibot.tests.CreateIncident@7c37508a]" started-at="2021-10-24T15:34:02 IST" name="afterSuite" finished-at="2021-10-24T15:34:02 IST" duration-ms="1" status="PASS">
          <reporter-output>
          </reporter-output>
        </test-method> <!-- afterSuite -->
      </class> <!-- com.uibot.tests.CreateIncident -->
    </test> <!-- Default test -->
  </suite> <!-- Default suite -->
</testng-results>
